<?xml version="1.0" encoding="UTF-8"?>
<testng-results skipped="0" failed="0" ignored="0" total="1" passed="1">
  <reporter-output>
  </reporter-output>
  <suite name="Default suite" duration-ms="12061" started-at="2020-03-15T15:24:31 EDT" finished-at="2020-03-15T15:24:43 EDT">
    <groups>
    </groups>
    <test name="Default test" duration-ms="12061" started-at="2020-03-15T15:24:31 EDT" finished-at="2020-03-15T15:24:43 EDT">
      <class name="com.TestNG2.TestNG2">
        <test-method status="PASS" signature="runsetup()[pri:0, instance:com.TestNG2.TestNG2@7d0587f1]" name="runsetup" duration-ms="11997" started-at="2020-03-15T15:24:31 EDT" finished-at="2020-03-15T15:24:43 EDT">
          <reporter-output>
          </reporter-output>
        </test-method> <!-- runsetup -->
      </class> <!-- com.TestNG2.TestNG2 -->
    </test> <!-- Default test -->
  </suite> <!-- Default suite -->
</testng-results>
